objc[38613]: Class CDPCABackupRecoveryReporter is implemented in both /Applications/Xcode.app/Contents/Developer/Platforms/iPhoneOS.platform/Library/Developer/CoreSimulator/Profiles/Runtimes/iOS.simruntime/Contents/Resources/RuntimeRoot/System/Library/PrivateFrameworks/CoreCDPInternal.framework/CoreCDPInternal (0x155155850) and /Applications/Xcode.app/Contents/Developer/Platforms/iPhoneOS.platform/Library/Developer/CoreSimulator/Profiles/Runtimes/iOS.simruntime/Contents/Resources/RuntimeRoot/System/Library/PrivateFrameworks/CoreCDP.framework/CoreCDP (0x144df2b10). One of the two will be used. Which one is undefined.
objc[38613]: Class CDPCAReporter is implemented in both /Applications/Xcode.app/Contents/Developer/Platforms/iPhoneOS.platform/Library/Developer/CoreSimulator/Profiles/Runtimes/iOS.simruntime/Contents/Resources/RuntimeRoot/System/Library/PrivateFrameworks/CoreCDPInternal.framework/CoreCDPInternal (0x155154db0) and /Applications/Xcode.app/Contents/Developer/Platforms/iPhoneOS.platform/Library/Developer/CoreSimulator/Profiles/Runtimes/iOS.simruntime/Contents/Resources/RuntimeRoot/System/Library/PrivateFrameworks/CoreCDP.framework/CoreCDP (0x144df2ca0). One of the two will be used. Which one is undefined.
objc[38613]: Class NSURLSessionDelegate is implemented in both /Applications/Xcode.app/Contents/Developer/Platforms/iPhoneOS.platform/Library/Developer/CoreSimulator/Profiles/Runtimes/iOS.simruntime/Contents/Resources/RuntimeRoot/System/Library/PrivateFrameworks/NetworkServiceProxy.framework/NetworkServiceProxy (0x1527407f8) and /Users/arthurrizzi/Library/Developer/CoreSimulator/Devices/59A6B0A9-C603-420B-93DE-2AAB0EC93CCF/data/Containers/Bundle/Application/9AB74B7E-D216-4268-8D5C-C2E6AFC63606/APP1.iOS.app/APP1.iOS (0x103328540). One of the two will be used. Which one is undefined.
MonoTouch: Could not install sigaction override, unexpected sigaction implementation.
2022-06-20 14:36:43.602360-0300 APP1.iOS[38613:4551658] SecTaskLoadEntitlements failed error=22 cs_flags=200, pid=38613
2022-06-20 14:36:43.607759-0300 APP1.iOS[38613:4551658] SecTaskCopyDebugDescription: APP1.iOS[38613]/0#-1 LF=0
2022-06-20 14:36:43.725240-0300 APP1.iOS[38613:4551658] SecTaskLoadEntitlements failed error=22 cs_flags=200, pid=38613
2022-06-20 14:36:43.726113-0300 APP1.iOS[38613:4551658] SecTaskCopyDebugDescription: APP1.iOS[38613]/0#-1 LF=0
2022-06-20 14:36:44.658256-0300 APP1.iOS[38613:4551658] SecTaskLoadEntitlements failed error=22 cs_flags=200, pid=38613
2022-06-20 14:36:44.659081-0300 APP1.iOS[38613:4551658] SecTaskCopyDebugDescription: APP1.iOS[38613]/0#-1 LF=0
objc[38613]: Class _PathPoint is implemented in both /Applications/Xcode.app/Contents/Developer/Platforms/iPhoneOS.platform/Library/Developer/CoreSimulator/Profiles/Runtimes/iOS.simruntime/Contents/Resources/RuntimeRoot/System/Library/PrivateFrameworks/UIKitCore.framework/UIKitCore (0x1353cb658) and /Applications/Xcode.app/Contents/Developer/Platforms/iPhoneOS.platform/Library/Developer/CoreSimulator/Profiles/Runtimes/iOS.simruntime/Contents/Resources/RuntimeRoot/System/Library/PrivateFrameworks/TextInputUI.framework/TextInputUI (0x162cf6690). One of the two will be used. Which one is undefined.
objc[38613]: Class _PointQueue is implemented in both /Applications/Xcode.app/Contents/Developer/Platforms/iPhoneOS.platform/Library/Developer/CoreSimulator/Profiles/Runtimes/iOS.simruntime/Contents/Resources/RuntimeRoot/System/Library/PrivateFrameworks/UIKitCore.framework/UIKitCore (0x1353cb630) and /Applications/Xcode.app/Contents/Developer/Platforms/iPhoneOS.platform/Library/Developer/CoreSimulator/Profiles/Runtimes/iOS.simruntime/Contents/Resources/RuntimeRoot/System/Library/PrivateFrameworks/TextInputUI.framework/TextInputUI (0x162cf66b8). One of the two will be used. Which one is undefined.
2022-06-20 14:36:54.577294-0300 APP1.iOS[38613:4551658] [unspecified] container_system_group_path_for_identifier: error = ((container_error_t)98) NOT_CODESIGNED
2022-06-20 14:36:54.577412-0300 APP1.iOS[38613:4551658] [MC] Error getting system group container for systemgroup.com.apple.configurationprofiles: 98
2022-06-20 14:36:54.579209-0300 APP1.iOS[38613:4551658] [MC] Failed to get profile system group container path. Overriding with expected path: /Users/arthurrizzi/Library/Developer/CoreSimulator/Devices/59A6B0A9-C603-420B-93DE-2AAB0EC93CCF/data/Containers/Shared/SystemGroup/systemgroup.com.apple.configurationprofiles
2022-06-20 14:36:55.057121-0300 APP1.iOS[38613:4552478] SecTaskLoadEntitlements failed error=22 cs_flags=200, pid=38613
2022-06-20 14:36:55.057837-0300 APP1.iOS[38613:4552478] SecTaskCopyDebugDescription: APP1.iOS[38613]/0#-1 LF=0
2022-06-20 14:36:55.145241-0300 APP1.iOS[38613:4552478] SecTaskLoadEntitlements failed error=22 cs_flags=200, pid=38613
2022-06-20 14:36:55.145899-0300 APP1.iOS[38613:4552478] SecTaskCopyDebugDescription: APP1.iOS[38613]/0#-1 LF=0
2022-06-20 14:36:55.541850-0300 APP1.iOS[38613:4551658] [db] _LSSchemaConfigureForStore failed with error Error Domain=NSOSStatusErrorDomain Code=-10817 "(null)" UserInfo={_LSFunction=_LSSchemaConfigureForStore, ExpectedSimulatorHash={length = 32, bytes = 0xc07f55ad aa617467 6e0bb79e c1a0d1c3 ... d5844058 fdbbc1ca }, _LSLine=405, WrongSimulatorHash={length = 32, bytes = 0x167f74be 8c26847b be1afbc4 d0f8127e ... 1d550b65 5d17b7d1 }}
2022-06-20 14:36:55.542276-0300 APP1.iOS[38613:4551658] [db] Failed to initialize client context with error Error Domain=NSOSStatusErrorDomain Code=-10817 "(null)" UserInfo={_LSFunction=_LSSchemaConfigureForStore, ExpectedSimulatorHash={length = 32, bytes = 0xc07f55ad aa617467 6e0bb79e c1a0d1c3 ... d5844058 fdbbc1ca }, _LSLine=405, WrongSimulatorHash={length = 32, bytes = 0x167f74be 8c26847b be1afbc4 d0f8127e ... 1d550b65 5d17b7d1 }}
2022-06-20 14:36:55.542875-0300 APP1.iOS[38613:4551658] [db] _LSSchemaConfigureForStore failed with error Error Domain=NSOSStatusErrorDomain Code=-10817 "(null)" UserInfo={_LSFunction=_LSSchemaConfigureForStore, ExpectedSimulatorHash={length = 32, bytes = 0xc07f55ad aa617467 6e0bb79e c1a0d1c3 ... d5844058 fdbbc1ca }, _LSLine=405, WrongSimulatorHash={length = 32, bytes = 0x167f74be 8c26847b be1afbc4 d0f8127e ... 1d550b65 5d17b7d1 }}
2022-06-20 14:36:55.542963-0300 APP1.iOS[38613:4551658] [db] Failed to initialize client context with error Error Domain=NSOSStatusErrorDomain Code=-10817 "(null)" UserInfo={_LSFunction=_LSSchemaConfigureForStore, ExpectedSimulatorHash={length = 32, bytes = 0xc07f55ad aa617467 6e0bb79e c1a0d1c3 ... d5844058 fdbbc1ca }, _LSLine=405, WrongSimulatorHash={length = 32, bytes = 0x167f74be 8c26847b be1afbc4 d0f8127e ... 1d550b65 5d17b7d1 }}
2022-06-20 14:36:55.543270-0300 APP1.iOS[38613:4551658] [db] _LSSchemaConfigureForStore failed with error Error Domain=NSOSStatusErrorDomain Code=-10817 "(null)" UserInfo={_LSFunction=_LSSchemaConfigureForStore, ExpectedSimulatorHash={length = 32, bytes = 0xc07f55ad aa617467 6e0bb79e c1a0d1c3 ... d5844058 fdbbc1ca }, _LSLine=405, WrongSimulatorHash={length = 32, bytes = 0x167f74be 8c26847b be1afbc4 d0f8127e ... 1d550b65 5d17b7d1 }}
2022-06-20 14:36:55.543351-0300 APP1.iOS[38613:4551658] [db] Failed to initialize client context with error Error Domain=NSOSStatusErrorDomain Code=-10817 "(null)" UserInfo={_LSFunction=_LSSchemaConfigureForStore, ExpectedSimulatorHash={length = 32, bytes = 0xc07f55ad aa617467 6e0bb79e c1a0d1c3 ... d5844058 fdbbc1ca }, _LSLine=405, WrongSimulatorHash={length = 32, bytes = 0x167f74be 8c26847b be1afbc4 d0f8127e ... 1d550b65 5d17b7d1 }}
2022-06-20 14:36:55.543648-0300 APP1.iOS[38613:4551658] [db] _LSSchemaConfigureForStore failed with error Error Domain=NSOSStatusErrorDomain Code=-10817 "(null)" UserInfo={_LSFunction=_LSSchemaConfigureForStore, ExpectedSimulatorHash={length = 32, bytes = 0xc07f55ad aa617467 6e0bb79e c1a0d1c3 ... d5844058 fdbbc1ca }, _LSLine=405, WrongSimulatorHash={length = 32, bytes = 0x167f74be 8c26847b be1afbc4 d0f8127e ... 1d550b65 5d17b7d1 }}
2022-06-20 14:36:55.543726-0300 APP1.iOS[38613:4551658] [db] Failed to initialize client context with error Error Domain=NSOSStatusErrorDomain Code=-10817 "(null)" UserInfo={_LSFunction=_LSSchemaConfigureForStore, ExpectedSimulatorHash={length = 32, bytes = 0xc07f55ad aa617467 6e0bb79e c1a0d1c3 ... d5844058 fdbbc1ca }, _LSLine=405, WrongSimulatorHash={length = 32, bytes = 0x167f74be 8c26847b be1afbc4 d0f8127e ... 1d550b65 5d17b7d1 }}
2022-06-20 14:36:55.543989-0300 APP1.iOS[38613:4551658] [db] _LSSchemaConfigureForStore failed with error Error Domain=NSOSStatusErrorDomain Code=-10817 "(null)" UserInfo={_LSFunction=_LSSchemaConfigureForStore, ExpectedSimulatorHash={length = 32, bytes = 0xc07f55ad aa617467 6e0bb79e c1a0d1c3 ... d5844058 fdbbc1ca }, _LSLine=405, WrongSimulatorHash={length = 32, bytes = 0x167f74be 8c26847b be1afbc4 d0f8127e ... 1d550b65 5d17b7d1 }}
2022-06-20 14:36:55.544057-0300 APP1.iOS[38613:4551658] [db] Failed to initialize client context with error Error Domain=NSOSStatusErrorDomain Code=-10817 "(null)" UserInfo={_LSFunction=_LSSchemaConfigureForStore, ExpectedSimulatorHash={length = 32, bytes = 0xc07f55ad aa617467 6e0bb79e c1a0d1c3 ... d5844058 fdbbc1ca }, _LSLine=405, WrongSimulatorHash={length = 32, bytes = 0x167f74be 8c26847b be1afbc4 d0f8127e ... 1d550b65 5d17b7d1 }}
2022-06-20 14:36:55.860025-0300 APP1.iOS[38613:4552474] [plugin] AddInstanceForFactory: No factory registered for id <CFUUID 0x6000028c62e0> F8BB1C28-BAE8-11D6-9C31-00039315CD46
2022-06-20 14:36:55.873768-0300 APP1.iOS[38613:4551658] [db] _LSSchemaConfigureForStore failed with error Error Domain=NSOSStatusErrorDomain Code=-10817 "(null)" UserInfo={_LSFunction=_LSSchemaConfigureForStore, ExpectedSimulatorHash={length = 32, bytes = 0xc07f55ad aa617467 6e0bb79e c1a0d1c3 ... d5844058 fdbbc1ca }, _LSLine=405, WrongSimulatorHash={length = 32, bytes = 0x167f74be 8c26847b be1afbc4 d0f8127e ... 1d550b65 5d17b7d1 }}
2022-06-20 14:36:55.873890-0300 APP1.iOS[38613:4551658] [db] Failed to initialize client context with error Error Domain=NSOSStatusErrorDomain Code=-10817 "(null)" UserInfo={_LSFunction=_LSSchemaConfigureForStore, ExpectedSimulatorHash={length = 32, bytes = 0xc07f55ad aa617467 6e0bb79e c1a0d1c3 ... d5844058 fdbbc1ca }, _LSLine=405, WrongSimulatorHash={length = 32, bytes = 0x167f74be 8c26847b be1afbc4 d0f8127e ... 1d550b65 5d17b7d1 }}
2022-06-20 14:36:55.874252-0300 APP1.iOS[38613:4551658] [db] _LSSchemaConfigureForStore failed with error Error Domain=NSOSStatusErrorDomain Code=-10817 "(null)" UserInfo={_LSFunction=_LSSchemaConfigureForStore, ExpectedSimulatorHash={length = 32, bytes = 0xc07f55ad aa617467 6e0bb79e c1a0d1c3 ... d5844058 fdbbc1ca }, _LSLine=405, WrongSimulatorHash={length = 32, bytes = 0x167f74be 8c26847b be1afbc4 d0f8127e ... 1d550b65 5d17b7d1 }}
2022-06-20 14:36:55.874344-0300 APP1.iOS[38613:4551658] [db] Failed to initialize client context with error Error Domain=NSOSStatusErrorDomain Code=-10817 "(null)" UserInfo={_LSFunction=_LSSchemaConfigureForStore, ExpectedSimulatorHash={length = 32, bytes = 0xc07f55ad aa617467 6e0bb79e c1a0d1c3 ... d5844058 fdbbc1ca }, _LSLine=405, WrongSimulatorHash={length = 32, bytes = 0x167f74be 8c26847b be1afbc4 d0f8127e ... 1d550b65 5d17b7d1 }}
2022-06-20 14:36:55.874661-0300 APP1.iOS[38613:4551658] [db] _LSSchemaConfigureForStore failed with error Error Domain=NSOSStatusErrorDomain Code=-10817 "(null)" UserInfo={_LSFunction=_LSSchemaConfigureForStore, ExpectedSimulatorHash={length = 32, bytes = 0xc07f55ad aa617467 6e0bb79e c1a0d1c3 ... d5844058 fdbbc1ca }, _LSLine=405, WrongSimulatorHash={length = 32, bytes = 0x167f74be 8c26847b be1afbc4 d0f8127e ... 1d550b65 5d17b7d1 }}
2022-06-20 14:36:55.874733-0300 APP1.iOS[38613:4551658] [db] Failed to initialize client context with error Error Domain=NSOSStatusErrorDomain Code=-10817 "(null)" UserInfo={_LSFunction=_LSSchemaConfigureForStore, ExpectedSimulatorHash={length = 32, bytes = 0xc07f55ad aa617467 6e0bb79e c1a0d1c3 ... d5844058 fdbbc1ca }, _LSLine=405, WrongSimulatorHash={length = 32, bytes = 0x167f74be 8c26847b be1afbc4 d0f8127e ... 1d550b65 5d17b7d1 }}
2022-06-20 14:36:55.875007-0300 APP1.iOS[38613:4551658] [db] _LSSchemaConfigureForStore failed with error Error Domain=NSOSStatusErrorDomain Code=-10817 "(null)" UserInfo={_LSFunction=_LSSchemaConfigureForStore, ExpectedSimulatorHash={length = 32, bytes = 0xc07f55ad aa617467 6e0bb79e c1a0d1c3 ... d5844058 fdbbc1ca }, _LSLine=405, WrongSimulatorHash={length = 32, bytes = 0x167f74be 8c26847b be1afbc4 d0f8127e ... 1d550b65 5d17b7d1 }}
2022-06-20 14:36:55.875103-0300 APP1.iOS[38613:4551658] [db] Failed to initialize client context with error Error Domain=NSOSStatusErrorDomain Code=-10817 "(null)" UserInfo={_LSFunction=_LSSchemaConfigureForStore, ExpectedSimulatorHash={length = 32, bytes = 0xc07f55ad aa617467 6e0bb79e c1a0d1c3 ... d5844058 fdbbc1ca }, _LSLine=405, WrongSimulatorHash={length = 32, bytes = 0x167f74be 8c26847b be1afbc4 d0f8127e ... 1d550b65 5d17b7d1 }}
2022-06-20 14:36:55.875380-0300 APP1.iOS[38613:4551658] [db] _LSSchemaConfigureForStore failed with error Error Domain=NSOSStatusErrorDomain Code=-10817 "(null)" UserInfo={_LSFunction=_LSSchemaConfigureForStore, ExpectedSimulatorHash={length = 32, bytes = 0xc07f55ad aa617467 6e0bb79e c1a0d1c3 ... d5844058 fdbbc1ca }, _LSLine=405, WrongSimulatorHash={length = 32, bytes = 0x167f74be 8c26847b be1afbc4 d0f8127e ... 1d550b65 5d17b7d1 }}
2022-06-20 14:36:55.875468-0300 APP1.iOS[38613:4551658] [db] Failed to initialize client context with error Error Domain=NSOSStatusErrorDomain Code=-10817 "(null)" UserInfo={_LSFunction=_LSSchemaConfigureForStore, ExpectedSimulatorHash={length = 32, bytes = 0xc07f55ad aa617467 6e0bb79e c1a0d1c3 ... d5844058 fdbbc1ca }, _LSLine=405, WrongSimulatorHash={length = 32, bytes = 0x167f74be 8c26847b be1afbc4 d0f8127e ... 1d550b65 5d17b7d1 }}
2022-06-20 14:36:55.875790-0300 APP1.iOS[38613:4551658] [db] _LSSchemaConfigureForStore failed with error Error Domain=NSOSStatusErrorDomain Code=-10817 "(null)" UserInfo={_LSFunction=_LSSchemaConfigureForStore, ExpectedSimulatorHash={length = 32, bytes = 0xc07f55ad aa617467 6e0bb79e c1a0d1c3 ... d5844058 fdbbc1ca }, _LSLine=405, WrongSimulatorHash={length = 32, bytes = 0x167f74be 8c26847b be1afbc4 d0f8127e ... 1d550b65 5d17b7d1 }}
2022-06-20 14:36:55.875865-0300 APP1.iOS[38613:4551658] [db] Failed to initialize client context with error Error Domain=NSOSStatusErrorDomain Code=-10817 "(null)" UserInfo={_LSFunction=_LSSchemaConfigureForStore, ExpectedSimulatorHash={length = 32, bytes = 0xc07f55ad aa617467 6e0bb79e c1a0d1c3 ... d5844058 fdbbc1ca }, _LSLine=405, WrongSimulatorHash={length = 32, bytes = 0x167f74be 8c26847b be1afbc4 d0f8127e ... 1d550b65 5d17b7d1 }}
2022-06-20 14:36:55.876138-0300 APP1.iOS[38613:4551658] [db] _LSSchemaConfigureForStore failed with error Error Domain=NSOSStatusErrorDomain Code=-10817 "(null)" UserInfo={_LSFunction=_LSSchemaConfigureForStore, ExpectedSimulatorHash={length = 32, bytes = 0xc07f55ad aa617467 6e0bb79e c1a0d1c3 ... d5844058 fdbbc1ca }, _LSLine=405, WrongSimulatorHash={length = 32, bytes = 0x167f74be 8c26847b be1afbc4 d0f8127e ... 1d550b65 5d17b7d1 }}
2022-06-20 14:36:55.876217-0300 APP1.iOS[38613:4551658] [db] Failed to initialize client context with error Error Domain=NSOSStatusErrorDomain Code=-10817 "(null)" UserInfo={_LSFunction=_LSSchemaConfigureForStore, ExpectedSimulatorHash={length = 32, bytes = 0xc07f55ad aa617467 6e0bb79e c1a0d1c3 ... d5844058 fdbbc1ca }, _LSLine=405, WrongSimulatorHash={length = 32, bytes = 0x167f74be 8c26847b be1afbc4 d0f8127e ... 1d550b65 5d17b7d1 }}
2022-06-20 14:36:55.876516-0300 APP1.iOS[38613:4551658] [db] _LSSchemaConfigureForStore failed with error Error Domain=NSOSStatusErrorDomain Code=-10817 "(null)" UserInfo={_LSFunction=_LSSchemaConfigureForStore, ExpectedSimulatorHash={length = 32, bytes = 0xc07f55ad aa617467 6e0bb79e c1a0d1c3 ... d5844058 fdbbc1ca }, _LSLine=405, WrongSimulatorHash={length = 32, bytes = 0x167f74be 8c26847b be1afbc4 d0f8127e ... 1d550b65 5d17b7d1 }}
2022-06-20 14:36:55.876591-0300 APP1.iOS[38613:4551658] [db] Failed to initialize client context with error Error Domain=NSOSStatusErrorDomain Code=-10817 "(null)" UserInfo={_LSFunction=_LSSchemaConfigureForStore, ExpectedSimulatorHash={length = 32, bytes = 0xc07f55ad aa617467 6e0bb79e c1a0d1c3 ... d5844058 fdbbc1ca }, _LSLine=405, WrongSimulatorHash={length = 32, bytes = 0x167f74be 8c26847b be1afbc4 d0f8127e ... 1d550b65 5d17b7d1 }}
2022-06-20 14:36:55.876855-0300 APP1.iOS[38613:4551658] [db] _LSSchemaConfigureForStore failed with error Error Domain=NSOSStatusErrorDomain Code=-10817 "(null)" UserInfo={_LSFunction=_LSSchemaConfigureForStore, ExpectedSimulatorHash={length = 32, bytes = 0xc07f55ad aa617467 6e0bb79e c1a0d1c3 ... d5844058 fdbbc1ca }, _LSLine=405, WrongSimulatorHash={length = 32, bytes = 0x167f74be 8c26847b be1afbc4 d0f8127e ... 1d550b65 5d17b7d1 }}
2022-06-20 14:36:55.876960-0300 APP1.iOS[38613:4551658] [db] Failed to initialize client context with error Error Domain=NSOSStatusErrorDomain Code=-10817 "(null)" UserInfo={_LSFunction=_LSSchemaConfigureForStore, ExpectedSimulatorHash={length = 32, bytes = 0xc07f55ad aa617467 6e0bb79e c1a0d1c3 ... d5844058 fdbbc1ca }, _LSLine=405, WrongSimulatorHash={length = 32, bytes = 0x167f74be 8c26847b be1afbc4 d0f8127e ... 1d550b65 5d17b7d1 }}
2022-06-20 14:36:55.877258-0300 APP1.iOS[38613:4551658] [db] _LSSchemaConfigureForStore failed with error Error Domain=NSOSStatusErrorDomain Code=-10817 "(null)" UserInfo={_LSFunction=_LSSchemaConfigureForStore, ExpectedSimulatorHash={length = 32, bytes = 0xc07f55ad aa617467 6e0bb79e c1a0d1c3 ... d5844058 fdbbc1ca }, _LSLine=405, WrongSimulatorHash={length = 32, bytes = 0x167f74be 8c26847b be1afbc4 d0f8127e ... 1d550b65 5d17b7d1 }}
2022-06-20 14:36:55.877330-0300 APP1.iOS[38613:4551658] [db] Failed to initialize client context with error Error Domain=NSOSStatusErrorDomain Code=-10817 "(null)" UserInfo={_LSFunction=_LSSchemaConfigureForStore, ExpectedSimulatorHash={length = 32, bytes = 0xc07f55ad aa617467 6e0bb79e c1a0d1c3 ... d5844058 fdbbc1ca }, _LSLine=405, WrongSimulatorHash={length = 32, bytes = 0x167f74be 8c26847b be1afbc4 d0f8127e ... 1d550b65 5d17b7d1 }}
2022-06-20 14:36:55.877629-0300 APP1.iOS[38613:4551658] [db] _LSSchemaConfigureForStore failed with error Error Domain=NSOSStatusErrorDomain Code=-10817 "(null)" UserInfo={_LSFunction=_LSSchemaConfigureForStore, ExpectedSimulatorHash={length = 32, bytes = 0xc07f55ad aa617467 6e0bb79e c1a0d1c3 ... d5844058 fdbbc1ca }, _LSLine=405, WrongSimulatorHash={length = 32, bytes = 0x167f74be 8c26847b be1afbc4 d0f8127e ... 1d550b65 5d17b7d1 }}
2022-06-20 14:36:55.877697-0300 APP1.iOS[38613:4551658] [db] Failed to initialize client context with error Error Domain=NSOSStatusErrorDomain Code=-10817 "(null)" UserInfo={_LSFunction=_LSSchemaConfigureForStore, ExpectedSimulatorHash={length = 32, bytes = 0xc07f55ad aa617467 6e0bb79e c1a0d1c3 ... d5844058 fdbbc1ca }, _LSLine=405, WrongSimulatorHash={length = 32, bytes = 0x167f74be 8c26847b be1afbc4 d0f8127e ... 1d550b65 5d17b7d1 }}
2022-06-20 14:36:55.877956-0300 APP1.iOS[38613:4551658] [db] _LSSchemaConfigureForStore failed with error Error Domain=NSOSStatusErrorDomain Code=-10817 "(null)" UserInfo={_LSFunction=_LSSchemaConfigureForStore, ExpectedSimulatorHash={length = 32, bytes = 0xc07f55ad aa617467 6e0bb79e c1a0d1c3 ... d5844058 fdbbc1ca }, _LSLine=405, WrongSimulatorHash={length = 32, bytes = 0x167f74be 8c26847b be1afbc4 d0f8127e ... 1d550b65 5d17b7d1 }}
2022-06-20 14:36:55.878019-0300 APP1.iOS[38613:4551658] [db] Failed to initialize client context with error Error Domain=NSOSStatusErrorDomain Code=-10817 "(null)" UserInfo={_LSFunction=_LSSchemaConfigureForStore, ExpectedSimulatorHash={length = 32, bytes = 0xc07f55ad aa617467 6e0bb79e c1a0d1c3 ... d5844058 fdbbc1ca }, _LSLine=405, WrongSimulatorHash={length = 32, bytes = 0x167f74be 8c26847b be1afbc4 d0f8127e ... 1d550b65 5d17b7d1 }}
2022-06-20 14:36:55.878279-0300 APP1.iOS[38613:4551658] [db] _LSSchemaConfigureForStore failed with error Error Domain=NSOSStatusErrorDomain Code=-10817 "(null)" UserInfo={_LSFunction=_LSSchemaConfigureForStore, ExpectedSimulatorHash={length = 32, bytes = 0xc07f55ad aa617467 6e0bb79e c1a0d1c3 ... d5844058 fdbbc1ca }, _LSLine=405, WrongSimulatorHash={length = 32, bytes = 0x167f74be 8c26847b be1afbc4 d0f8127e ... 1d550b65 5d17b7d1 }}
2022-06-20 14:36:55.878351-0300 APP1.iOS[38613:4551658] [db] Failed to initialize client context with error Error Domain=NSOSStatusErrorDomain Code=-10817 "(null)" UserInfo={_LSFunction=_LSSchemaConfigureForStore, ExpectedSimulatorHash={length = 32, bytes = 0xc07f55ad aa617467 6e0bb79e c1a0d1c3 ... d5844058 fdbbc1ca }, _LSLine=405, WrongSimulatorHash={length = 32, bytes = 0x167f74be 8c26847b be1afbc4 d0f8127e ... 1d550b65 5d17b7d1 }}
2022-06-20 14:36:55.878589-0300 APP1.iOS[38613:4551658] [db] _LSSchemaConfigureForStore failed with error Error Domain=NSOSStatusErrorDomain Code=-10817 "(null)" UserInfo={_LSFunction=_LSSchemaConfigureForStore, ExpectedSimulatorHash={length = 32, bytes = 0xc07f55ad aa617467 6e0bb79e c1a0d1c3 ... d5844058 fdbbc1ca }, _LSLine=405, WrongSimulatorHash={length = 32, bytes = 0x167f74be 8c26847b be1afbc4 d0f8127e ... 1d550b65 5d17b7d1 }}
2022-06-20 14:36:55.878672-0300 APP1.iOS[38613:4551658] [db] Failed to initialize client context with error Error Domain=NSOSStatusErrorDomain Code=-10817 "(null)" UserInfo={_LSFunction=_LSSchemaConfigureForStore, ExpectedSimulatorHash={length = 32, bytes = 0xc07f55ad aa617467 6e0bb79e c1a0d1c3 ... d5844058 fdbbc1ca }, _LSLine=405, WrongSimulatorHash={length = 32, bytes = 0x167f74be 8c26847b be1afbc4 d0f8127e ... 1d550b65 5d17b7d1 }}
2022-06-20 14:36:55.878952-0300 APP1.iOS[38613:4551658] [db] _LSSchemaConfigureForStore failed with error Error Domain=NSOSStatusErrorDomain Code=-10817 "(null)" UserInfo={_LSFunction=_LSSchemaConfigureForStore, ExpectedSimulatorHash={length = 32, bytes = 0xc07f55ad aa617467 6e0bb79e c1a0d1c3 ... d5844058 fdbbc1ca }, _LSLine=405, WrongSimulatorHash={length = 32, bytes = 0x167f74be 8c26847b be1afbc4 d0f8127e ... 1d550b65 5d17b7d1 }}
2022-06-20 14:36:55.879023-0300 APP1.iOS[38613:4551658] [db] Failed to initialize client context with error Error Domain=NSOSStatusErrorDomain Code=-10817 "(null)" UserInfo={_LSFunction=_LSSchemaConfigureForStore, ExpectedSimulatorHash={length = 32, bytes = 0xc07f55ad aa617467 6e0bb79e c1a0d1c3 ... d5844058 fdbbc1ca }, _LSLine=405, WrongSimulatorHash={length = 32, bytes = 0x167f74be 8c26847b be1afbc4 d0f8127e ... 1d550b65 5d17b7d1 }}
2022-06-20 14:37:06.940645-0300 APP1.iOS[38613:4552890] SecTaskLoadEntitlements failed error=22 cs_flags=200, pid=38613
2022-06-20 14:37:06.941421-0300 APP1.iOS[38613:4552890] SecTaskCopyDebugDescription: APP1.iOS[38613]/0#-1 LF=0
2022-06-20 14:37:12.390199-0300 APP1.iOS[38613:4551658] 
Unhandled Exception:
System.Net.WebException: Error: TrustFailure (Authentication failed, see inner exception.) ---> System.Security.Authentication.AuthenticationException: Authentication failed, see inner exception. ---> Mono.Security.Interface.TlsException: CertificateUnknown
  at Mono.AppleTls.AppleTlsContext.EvaluateTrust () [0x000c6] in <bd4915539bd24d04afdf1e3d15e508e9>:0 
  at Mono.AppleTls.AppleTlsContext.ProcessHandshake () [0x00075] in <bd4915539bd24d04afdf1e3d15e508e9>:0 
  at Mono.Net.Security.MobileAuthenticatedStream.ProcessHandshake (Mono.Net.Security.AsyncOperationStatus status, System.Boolean renegotiate) [0x000da] in <bd4915539bd24d04afdf1e3d15e508e9>:0 
  at Mono.Net.Security.AsyncHandshakeRequest.Run (Mono.Net.Security.AsyncOperationStatus status) [0x00006] in <bd4915539bd24d04afdf1e3d15e508e9>:0 
  at Mono.Net.Security.AsyncProtocolRequest.ProcessOperation (System.Threading.CancellationToken cancellationToken) [0x000fc] in <bd4915539bd24d04afdf1e3d15e508e9>:0 
   --- End of inner exception stack trace ---
  at Mono.Net.Security.MobileAuthenticatedStream.ProcessAuthentication (System.Boolean runSynchronously, Mono.Net.Security.MonoSslAuthenticationOptions options, System.Threading.CancellationToken cancellationToken) [0x00262] in <bd4915539bd24d04afdf1e3d15e508e9>:0 
  at Mono.Net.Security.MonoTlsStream.CreateStream (System.Net.WebConnectionTunnel tunnel, System.Threading.CancellationToken cancellationToken) [0x0016a] in <bd4915539bd24d04afdf1e3d15e508e9>:0 
  at System.Net.WebConnection.CreateStream (System.Net.WebOperation operation, System.Boolean reused, System.Threading.CancellationToken cancellationToken) [0x001ba] in <bd4915539bd24d04afdf1e3d15e508e9>:0 
   --- End of inner exception stack trace ---
  at System.Net.WebConnection.CreateStream (System.Net.WebOperation operation, System.Boolean reused, System.Threading.CancellationToken cancellationToken) [0x0021a] in <bd4915539bd24d04afdf1e3d15e508e9>:0 
  at System.Net.WebConnection.InitConnection (System.Net.WebOperation operation, System.Threading.CancellationToken cancellationToken) [0x00141] in <bd4915539bd24d04afdf1e3d15e508e9>:0 
  at System.Net.WebOperation.Run () [0x0009a] in <bd4915539bd24d04afdf1e3d15e508e9>:0 
  at System.Net.WebCompletionSource`1[T].WaitForCompletion () [0x00094] in <bd4915539bd24d04afdf1e3d15e508e9>:0 
  at System.Net.HttpWebRequest.RunWithTimeoutWorker[T] (System.Threading.Tasks.Task`1[TResult] workerTask, System.Int32 timeout, System.Action abort, System.Func`1[TResult] aborted, System.Threading.CancellationTokenSource cts) [0x000f8] in <bd4915539bd24d04afdf1e3d15e508e9>:0 
  at System.Net.HttpWebRequest.GetResponse () [0x00016] in <bd4915539bd24d04afdf1e3d15e508e9>:0 
  at System.Net.WebClient.GetWebResponse (System.Net.WebRequest request) [0x00000] in <bd4915539bd24d04afdf1e3d15e508e9>:0 
  at System.Net.WebClient.DownloadBits (System.Net.WebRequest request, System.IO.Stream writeStream) [0x000e6] in <bd4915539bd24d04afdf1e3d15e508e9>:0 
  at System.Net.WebClient.DownloadDataInternal (System.Uri address, System.Net.WebRequest& request) [0x00061] in <bd4915539bd24d04afdf1e3d15e508e9>:0 
  at System.Net.WebClient.DownloadString (System.Uri address) [0x00011] in <bd4915539bd24d04afdf1e3d15e508e9>:0 
  at System.Net.WebClient.DownloadString (System.String address) [0x00008] in <bd4915539bd24d04afdf1e3d15e508e9>:0 
  at APP1.Servico.ViaCEPServico.BuscarEnderecoViaCEP (System.String cep) [0x00011] in <404ff9677b79441e8df12a58ce2284a3>:0 
  at APP1.MainPage.BuscarCEP (System.Object sender, System.EventArgs args) [0x00010] in <404ff9677b79441e8df12a58ce2284a3>:0 
  at Xamarin.Forms.Button.Xamarin.Forms.Internals.IButtonElement.PropagateUpClicked () [0x0000a] in <978ec34c5c9c4c4eb3d73b6da958bcd6>:0 
  at Xamarin.Forms.ButtonElement.ElementClicked (Xamarin.Forms.VisualElement visualElement, Xamarin.Forms.Internals.IButtonElement ButtonElementManager) [0x0001f] in <978ec34c5c9c4c4eb3d73b6da958bcd6>:0 
  at Xamarin.Forms.Button.SendClicked () [0x00000] in <978ec34c5c9c4c4eb3d73b6da958bcd6>:0 
  at Xamarin.Forms.Platform.iOS.ButtonElementManager.OnButtonTouchUpInside (Xamarin.Forms.IButtonController element) [0x0000c] in <c931dad88b3a4eb1a8b9d018a5818b8c>:0 
  at Xamarin.Forms.Platform.iOS.ButtonRenderer.OnButtonTouchUpInside (System.Object sender, System.EventArgs eventArgs) [0x00006] in <c931dad88b3a4eb1a8b9d018a5818b8c>:0 
  at UIKit.UIControlEventProxy.Activated () [0x00004] in <e3713e45450744f687ccc9b98a25ce1e>:0 
--- End of stack trace from previous location where exception was thrown ---

  at (wrapper managed-to-native) UIKit.UIApplication.UIApplicationMain(int,string[],intptr,intptr)
  at UIKit.UIApplication.Main (System.String[] args, System.String principalClassName, System.String delegateClassName) [0x00019] in <e3713e45450744f687ccc9b98a25ce1e>:0 
  at APP1.iOS.Application.Main (System.String[] args) [0x00000] in <295ded604a6d4a8b8be5009a3e5d3725>:0
2022-06-20 14:37:12.396261-0300 APP1.iOS[38613:4551658] Unhandled managed exception: Error: TrustFailure (Authentication failed, see inner exception.) (System.Net.WebException)
  at System.Net.WebConnection.CreateStream (System.Net.WebOperation operation, System.Boolean reused, System.Threading.CancellationToken cancellationToken) [0x0021a] in <bd4915539bd24d04afdf1e3d15e508e9>:0 
  at System.Net.WebConnection.InitConnection (System.Net.WebOperation operation, System.Threading.CancellationToken cancellationToken) [0x00141] in <bd4915539bd24d04afdf1e3d15e508e9>:0 
  at System.Net.WebOperation.Run () [0x0009a] in <bd4915539bd24d04afdf1e3d15e508e9>:0 
  at System.Net.WebCompletionSource`1[T].WaitForCompletion () [0x00094] in <bd4915539bd24d04afdf1e3d15e508e9>:0 
  at System.Net.HttpWebRequest.RunWithTimeoutWorker[T] (System.Threading.Tasks.Task`1[TResult] workerTask, System.Int32 timeout, System.Action abort, System.Func`1[TResult] aborted, System.Threading.CancellationTokenSource cts) [0x000f8] in <bd4915539bd24d04afdf1e3d15e508e9>:0 
  at System.Net.HttpWebRequest.GetResponse () [0x00016] in <bd4915539bd24d04afdf1e3d15e508e9>:0 
  at System.Net.WebClient.GetWebResponse (System.Net.WebRequest request) [0x00000] in <bd4915539bd24d04afdf1e3d15e508e9>:0 
  at System.Net.WebClient.DownloadBits (System.Net.WebRequest request, System.IO.Stream writeStream) [0x000e6] in <bd4915539bd24d04afdf1e3d15e508e9>:0 
  at System.Net.WebClient.DownloadDataInternal (System.Uri address, System.Net.WebRequest& request) [0x00061] in <bd4915539bd24d04afdf1e3d15e508e9>:0 
  at System.Net.WebClient.DownloadString (System.Uri address) [0x00011] in <bd4915539bd24d04afdf1e3d15e508e9>:0 
  at System.Net.WebClient.DownloadString (System.String address) [0x00008] in <bd4915539bd24d04afdf1e3d15e508e9>:0 
  at APP1.Servico.ViaCEPServico.BuscarEnderecoViaCEP (System.String cep) [0x00011] in <404ff9677b79441e8df12a58ce2284a3>:0 
  at APP1.MainPage.BuscarCEP (System.Object sender, System.EventArgs args) [0x00010] in <404ff9677b79441e8df12a58ce2284a3>:0 
  at Xamarin.Forms.Button.Xamarin.Forms.Internals.IButtonElement.PropagateUpClicked () [0x0000a] in <978ec34c5c9c4c4eb3d73b6da958bcd6>:0 
  at Xamarin.Forms.ButtonElement.ElementClicked (Xamarin.Forms.VisualElement visualElement, Xamarin.Forms.Internals.IButtonElement ButtonElementManager) [0x0001f] in <978ec34c5c9c4c4eb3d73b6da958bcd6>:0 
  at Xamarin.Forms.Button.SendClicked () [0x00000] in <978ec34c5c9c4c4eb3d73b6da958bcd6>:0 
  at Xamarin.Forms.Platform.iOS.ButtonElementManager.OnButtonTouchUpInside (Xamarin.Forms.IButtonController element) [0x0000c] in <c931dad88b3a4eb1a8b9d018a5818b8c>:0 
  at Xamarin.Forms.Platform.iOS.ButtonRenderer.OnButtonTouchUpInside (System.Object sender, System.EventArgs eventArgs) [0x00006] in <c931dad88b3a4eb1a8b9d018a5818b8c>:0 
  at UIKit.UIControlEventProxy.Activated () [0x00004] in <e3713e45450744f687ccc9b98a25ce1e>:0 
--- End of stack trace from previous location where exception was thrown ---

  at (wrapper managed-to-native) UIKit.UIApplication.UIApplicationMain(int,string[],intptr,intptr)
  at UIKit.UIApplication.Main (System.String[] args, System.String principalClassName, System.String delegateClassName) [0x00019] in <e3713e45450744f687ccc9b98a25ce1e>:0 
  at APP1.iOS.Application.Main (System.String[] args) [0x00000] in <295ded604a6d4a8b8be5009a3e5d3725>:0 
Authentication failed, see inner exception. (System.Security.Authentication.AuthenticationException)
  at Mono.Net.Security.MobileAuthenticatedStream.ProcessAuthentication (System.Boolean runSynchronously, Mono.Net.Security.MonoSslAuthenticationOptions options, System.Threading.CancellationToken cancellationToken) [0x00262] in <bd4915539bd24d04afdf1e3d15e508e9>:0 
  at Mono.Net.Security.MonoTlsStream.CreateStream (System.Net.WebConnectionTunnel tunnel, System.Threading.CancellationToken cancellationToken) [0x0016a] in <bd4915539bd24d04afdf1e3d15e508e9>:0 
  at System.Net.WebConnection.CreateStream (System.Net.WebOperation operation, System.Boolean reused, System.Threading.CancellationToken cancellationToken) [0x001ba] in <bd4915539bd24d04afdf1e3d15e508e9>:0 
CertificateUnknown (Mono.Security.Interface.TlsException)
  at Mono.AppleTls.AppleTlsContext.EvaluateTrust () [0x000c6] in <bd4915539bd24d04afdf1e3d15e508e9>:0 
  at Mono.AppleTls.AppleTlsContext.ProcessHandshake () [0x00075] in <bd4915539bd24d04afdf1e3d15e508e9>:0 
  at Mono.Net.Security.MobileAuthenticatedStream.ProcessHandshake (Mono.Net.Security.AsyncOperationStatus status, System.Boolean renegotiate) [0x000da] in <bd4915539bd24d04afdf1e3d15e508e9>:0 
  at Mono.Net.Security.AsyncHandshakeRequest.Run (Mono.Net.Security.AsyncOperationStatus status) [0x00006] in <bd4915539bd24d04afdf1e3d15e508e9>:0 
  at Mono.Net.Security.AsyncProtocolRequest.ProcessOperation (System.Threading.CancellationToken cancellationToken) [0x000fc] in <bd4915539bd24d04afdf1e3d15e508e9>:0
